TN:
SF:authenticationserver.js
FN:53,(anonymous_0)
FN:57,(anonymous_1)
FN:64,(anonymous_2)
FN:68,(anonymous_3)
FN:72,(anonymous_4)
FN:91,(anonymous_5)
FN:107,(anonymous_6)
FN:124,generateAccessToken
FN:127,authenticateToken
FN:131,(anonymous_9)
FN:138,addrefreshToken
FN:144,(anonymous_11)
FNF:12
FNH:12
FNDA:4,(anonymous_0)
FNDA:2,(anonymous_1)
FNDA:2,(anonymous_2)
FNDA:6,(anonymous_3)
FNDA:2,(anonymous_4)
FNDA:3,(anonymous_5)
FNDA:3,(anonymous_6)
FNDA:2,generateAccessToken
FNDA:22,authenticateToken
FNDA:20,(anonymous_9)
FNDA:2,addrefreshToken
FNDA:1,(anonymous_11)
DA:2,1
DA:3,1
DA:4,1
DA:5,1
DA:6,1
DA:7,1
DA:8,1
DA:10,1
DA:12,1
DA:16,1
DA:17,1
DA:19,1
DA:53,1
DA:54,4
DA:55,4
DA:56,3
DA:57,2
DA:58,2
DA:59,1
DA:60,1
DA:64,1
DA:65,2
DA:66,1
DA:68,6
DA:69,2
DA:72,1
DA:73,2
DA:80,2
DA:81,2
DA:82,1
DA:84,2
DA:85,2
DA:86,2
DA:87,2
DA:88,2
DA:91,1
DA:92,3
DA:93,3
DA:94,3
DA:95,1
DA:97,2
DA:98,1
DA:100,1
DA:101,1
DA:102,1
DA:103,1
DA:104,1
DA:107,1
DA:108,3
DA:115,3
DA:116,3
DA:117,1
DA:119,2
DA:120,2
DA:121,2
DA:125,2
DA:128,22
DA:129,22
DA:130,22
DA:131,20
DA:132,20
DA:133,19
DA:134,19
DA:139,2
DA:142,1
DA:144,1
LF:66
LH:66
BRDA:55,0,0,1
BRDA:55,0,1,3
BRDA:56,1,0,1
BRDA:56,1,1,2
BRDA:58,2,0,1
BRDA:58,2,1,1
BRDA:65,3,0,1
BRDA:65,3,1,1
BRDA:81,4,0,1
BRDA:81,4,1,1
BRDA:94,5,0,1
BRDA:94,5,1,2
BRDA:97,6,0,1
BRDA:97,6,1,1
BRDA:116,7,0,1
BRDA:116,7,1,2
BRDA:119,8,0,1
BRDA:119,8,1,1
BRDA:129,9,0,22
BRDA:129,9,1,20
BRDA:130,10,0,2
BRDA:130,10,1,20
BRDA:132,11,0,1
BRDA:132,11,1,19
BRF:24
BRH:24
end_of_record
TN:
SF:resourceserver.js
FN:40,(anonymous_0)
FN:46,(anonymous_1)
FN:59,(anonymous_2)
FN:79,(anonymous_3)
FN:100,(anonymous_4)
FN:107,(anonymous_5)
FNF:6
FNH:6
FNDA:2,(anonymous_0)
FNDA:2,(anonymous_1)
FNDA:5,(anonymous_2)
FNDA:3,(anonymous_3)
FNDA:1,(anonymous_4)
FNDA:1,(anonymous_5)
DA:1,1
DA:2,1
DA:3,1
DA:4,1
DA:5,1
DA:6,1
DA:7,1
DA:8,1
DA:9,1
DA:13,1
DA:40,1
DA:41,2
DA:42,2
DA:43,1
DA:46,1
DA:47,2
DA:48,2
DA:50,2
DA:51,2
DA:52,1
DA:53,2
DA:54,2
DA:59,1
DA:60,5
DA:61,5
DA:65,5
DA:66,5
DA:67,3
DA:68,3
DA:70,5
DA:71,5
DA:72,5
DA:75,3
DA:79,1
DA:80,3
DA:81,3
DA:82,3
DA:83,3
DA:87,3
DA:88,3
DA:89,1
DA:91,3
DA:92,2
DA:96,2
DA:100,1
DA:102,1
DA:103,1
DA:104,1
DA:107,1
LF:49
LH:49
BRDA:42,0,0,1
BRDA:42,0,1,1
BRDA:66,1,0,3
BRDA:66,1,1,2
BRDA:88,2,0,1
BRDA:88,2,1,2
BRF:6
BRH:6
end_of_record
